<?xml version="1.0" encoding="UTF-8"?>
<!-- Generated by org.testng.reporters.JUnitReportReporter -->
<testsuite skipped="0" hostname="3FC-VDI282" name="com.qa.ebay.testcases.Ebay" tests="1" failures="0" timestamp="2020-07-20T18:39:36 IST" time="27.712" errors="0">
  <testcase name="verifyTheResult" time="27.712" classname="com.qa.ebay.testcases.Ebay"/>
  <system-out/>
</testsuite> <!-- com.qa.ebay.testcases.Ebay -->
